0 info it worked if it ends with ok
1 verbose cli [ '/nix/store/ajr6i77s89gjfjm59aazc16b5rvb39n7-nodejs-4.3.1/bin/node',
1 verbose cli   '/mnt/shared/sbin/npm',
1 verbose cli   '-g',
1 verbose cli   'install',
1 verbose cli   'gulp-cli' ]
2 info using npm@2.14.12
3 info using node@v4.3.1
4 verbose install initial load of /nix/store/ajr6i77s89gjfjm59aazc16b5rvb39n7-nodejs-4.3.1/lib/package.json
5 verbose readDependencies loading dependencies from /nix/store/ajr6i77s89gjfjm59aazc16b5rvb39n7-nodejs-4.3.1/lib/package.json
6 silly cache add args [ 'gulp-cli', null ]
7 verbose cache add spec gulp-cli
8 silly cache add parsed spec Result {
8 silly cache add   raw: 'gulp-cli',
8 silly cache add   scope: null,
8 silly cache add   name: 'gulp-cli',
8 silly cache add   rawSpec: '',
8 silly cache add   spec: 'latest',
8 silly cache add   type: 'tag' }
9 silly addNamed gulp-cli@latest
10 verbose addNamed "latest" is being treated as a dist-tag for gulp-cli
11 info addNameTag [ 'gulp-cli', 'latest' ]
12 silly mapToRegistry name gulp-cli
13 silly mapToRegistry using default registry
14 silly mapToRegistry registry https://registry.npmjs.org/
15 silly mapToRegistry uri https://registry.npmjs.org/gulp-cli
16 verbose addNameTag registry:https://registry.npmjs.org/gulp-cli not in flight; fetching
17 verbose request uri https://registry.npmjs.org/gulp-cli
18 verbose request no auth needed
19 info attempt registry request try #1 at 12:34:55
20 verbose request id d39017a91b9d2efa
21 verbose etag "5a89dbdf-a715"
22 verbose lastModified Sun, 18 Feb 2018 20:02:39 GMT
23 http request GET https://registry.npmjs.org/gulp-cli
24 http 304 https://registry.npmjs.org/gulp-cli
25 verbose headers { date: 'Sat, 24 Feb 2018 12:34:55 GMT',
25 verbose headers   via: '1.1 varnish',
25 verbose headers   'cache-control': 'max-age=300',
25 verbose headers   etag: '"5a89dbdf-a715"',
25 verbose headers   age: '12565',
25 verbose headers   connection: 'keep-alive',
25 verbose headers   'x-served-by': 'cache-mdw17334-MDW',
25 verbose headers   'x-cache': 'HIT',
25 verbose headers   'x-cache-hits': '1',
25 verbose headers   'x-timer': 'S1519475695.335488,VS0,VE1',
25 verbose headers   vary: 'Accept-Encoding, Accept' }
26 silly get cb [ 304,
26 silly get   { date: 'Sat, 24 Feb 2018 12:34:55 GMT',
26 silly get     via: '1.1 varnish',
26 silly get     'cache-control': 'max-age=300',
26 silly get     etag: '"5a89dbdf-a715"',
26 silly get     age: '12565',
26 silly get     connection: 'keep-alive',
26 silly get     'x-served-by': 'cache-mdw17334-MDW',
26 silly get     'x-cache': 'HIT',
26 silly get     'x-cache-hits': '1',
26 silly get     'x-timer': 'S1519475695.335488,VS0,VE1',
26 silly get     vary: 'Accept-Encoding, Accept' } ]
27 verbose etag https://registry.npmjs.org/gulp-cli from cache
28 verbose get saving gulp-cli to /home/ubuntu/.npm/registry.npmjs.org/gulp-cli/.cache.json
29 silly addNameTag next cb for gulp-cli with tag latest
30 silly addNamed gulp-cli@2.0.1
31 verbose addNamed "2.0.1" is a plain semver version for gulp-cli
32 silly cache afterAdd gulp-cli@2.0.1
33 verbose afterAdd /home/ubuntu/.npm/gulp-cli/2.0.1/package/package.json not in flight; writing
34 verbose afterAdd /home/ubuntu/.npm/gulp-cli/2.0.1/package/package.json written
35 silly install resolved [ { name: 'gulp-cli',
35 silly install resolved     version: '2.0.1',
35 silly install resolved     description: 'Command line interface for gulp',
35 silly install resolved     author:
35 silly install resolved      { name: 'Gulp Team',
35 silly install resolved        email: 'team@gulpjs.com',
35 silly install resolved        url: 'http://gulpjs.com/' },
35 silly install resolved     contributors: [],
35 silly install resolved     homepage: 'http://gulpjs.com',
35 silly install resolved     repository:
35 silly install resolved      { type: 'git',
35 silly install resolved        url: 'git+https://github.com/gulpjs/gulp-cli.git' },
35 silly install resolved     license: 'MIT',
35 silly install resolved     man: [ 'gulp.1' ],
35 silly install resolved     engines: { node: '>= 0.10' },
35 silly install resolved     main: 'index.js',
35 silly install resolved     bin: { gulp: 'bin/gulp.js' },
35 silly install resolved     files: [ 'index.js', 'lib', 'bin', 'completion', 'gulp.1' ],
35 silly install resolved     scripts:
35 silly install resolved      { lint: 'eslint . && jscs index.js bin/ lib/ test/',
35 silly install resolved        prepublish: 'marked-man --name gulp docs/CLI.md > gulp.1',
35 silly install resolved        pretest: 'npm run lint',
35 silly install resolved        test: 'mocha --async-only --timeout 5000 test/lib test',
35 silly install resolved        cover: 'nyc --reporter=lcov --reporter=text-summary npm test',
35 silly install resolved        coveralls: 'nyc --reporter=text-lcov npm test | coveralls' },
35 silly install resolved     dependencies:
35 silly install resolved      { 'ansi-colors': '^1.0.1',
35 silly install resolved        archy: '^1.0.0',
35 silly install resolved        'array-sort': '^1.0.0',
35 silly install resolved        'concat-stream': '^1.6.0',
35 silly install resolved        'color-support': '^1.1.3',
35 silly install resolved        'copy-props': '^2.0.1',
35 silly install resolved        'fancy-log': '^1.3.2',
35 silly install resolved        gulplog: '^1.0.0',
35 silly install resolved        interpret: '^1.1.0',
35 silly install resolved        isobject: '^3.0.1',
35 silly install resolved        liftoff: '^2.5.0',
35 silly install resolved        matchdep: '^2.0.0',
35 silly install resolved        'mute-stdout': '^1.0.0',
35 silly install resolved        'pretty-hrtime': '^1.0.0',
35 silly install resolved        'replace-homedir': '^1.0.0',
35 silly install resolved        'semver-greatest-satisfied-range': '^1.1.0',
35 silly install resolved        v8flags: '^3.0.1',
35 silly install resolved        yargs: '^7.1.0' },
35 silly install resolved     devDependencies:
35 silly install resolved      { 'babel-preset-es2015': '^6.5.0',
35 silly install resolved        'babel-register': '^6.5.1',
35 silly install resolved        coveralls: '^2.7.0',
35 silly install resolved        eslint: '^1.7.3',
35 silly install resolved        'eslint-config-gulp': '^2.0.0',
35 silly install resolved        expect: '^1.20.2',
35 silly install resolved        gulp: '^4.0.0',
35 silly install resolved        'gulp-test-tools': '^0.6.1',
35 silly install resolved        jscs: '^3.0.7',
35 silly install resolved        'jscs-preset-gulp': '^1.0.0',
35 silly install resolved        'marked-man': '^0.2.1',
35 silly install resolved        mocha: '^3.2.0',
35 silly install resolved        nyc: '^11.4.1',
35 silly install resolved        rimraf: '^2.6.1' },
35 silly install resolved     keywords: [ 'build', 'stream', 'system', 'make', 'tool', 'asset', 'pipeline' ],
35 silly install resolved     gitHead: 'cd2e159911fb131feb606abf1fe1171f4aca882f',
35 silly install resolved     bugs: { url: 'https://github.com/gulpjs/gulp-cli/issues' },
35 silly install resolved     _id: 'gulp-cli@2.0.1',
35 silly install resolved     _npmVersion: '5.6.0',
35 silly install resolved     _nodeVersion: '8.9.4',
35 silly install resolved     _npmUser: { name: 'phated', email: 'blaine.bublitz@gmail.com' },
35 silly install resolved     dist:
35 silly install resolved      { integrity: 'sha512-RxujJJdN8/O6IW2nPugl7YazhmrIEjmiVfPKrWt68r71UCaLKS71Hp0gpKT+F6qOUFtr7KqtifDKaAJPRVvMYQ==',
35 silly install resolved        shasum: '7847e220cb3662f2be8a6d572bf14e17be5a994b',
35 silly install resolved        tarball: 'https://registry.npmjs.org/gulp-cli/-/gulp-cli-2.0.1.tgz' },
35 silly install resolved     maintainers: [ [Object], [Object] ],
35 silly install resolved     _npmOperationalInternal:
35 silly install resolved      { host: 's3://npm-registry-packages',
35 silly install resolved        tmp: 'tmp/gulp-cli-2.0.1.tgz_1516660246563_0.18805583287030458' },
35 silly install resolved     directories: {},
35 silly install resolved     _shasum: '7847e220cb3662f2be8a6d572bf14e17be5a994b',
35 silly install resolved     _resolved: 'https://registry.npmjs.org/gulp-cli/-/gulp-cli-2.0.1.tgz',
35 silly install resolved     _from: 'gulp-cli@latest',
35 silly install resolved     readme: 'ERROR: No README data found!' } ]
36 info install gulp-cli@2.0.1 into /nix/store/ajr6i77s89gjfjm59aazc16b5rvb39n7-nodejs-4.3.1/lib
37 info installOne gulp-cli@2.0.1
38 verbose installOne of gulp-cli to /nix/store/ajr6i77s89gjfjm59aazc16b5rvb39n7-nodejs-4.3.1/lib not in flight; installing
39 verbose lock using /home/ubuntu/.npm/_locks/gulp-cli-44e793f65d0bf829.lock for /nix/store/ajr6i77s89gjfjm59aazc16b5rvb39n7-nodejs-4.3.1/lib/node_modules/gulp-cli
40 silly install write writing gulp-cli 2.0.1 to /nix/store/ajr6i77s89gjfjm59aazc16b5rvb39n7-nodejs-4.3.1/lib/node_modules/gulp-cli
41 verbose unbuild lib/node_modules/gulp-cli
42 silly gentlyRm /nix/store/ajr6i77s89gjfjm59aazc16b5rvb39n7-nodejs-4.3.1/lib/node_modules/gulp-cli is being purged from base /nix/store/ajr6i77s89gjfjm59aazc16b5rvb39n7-nodejs-4.3.1
43 verbose gentlyRm don't care about contents; nuking /nix/store/ajr6i77s89gjfjm59aazc16b5rvb39n7-nodejs-4.3.1/lib/node_modules/gulp-cli
44 verbose tar unpack /home/ubuntu/.npm/gulp-cli/2.0.1/package.tgz
45 verbose tar unpacking to /nix/store/ajr6i77s89gjfjm59aazc16b5rvb39n7-nodejs-4.3.1/lib/node_modules/gulp-cli
46 silly gentlyRm /nix/store/ajr6i77s89gjfjm59aazc16b5rvb39n7-nodejs-4.3.1/lib/node_modules/gulp-cli is being purged
47 verbose gentlyRm don't care about contents; nuking /nix/store/ajr6i77s89gjfjm59aazc16b5rvb39n7-nodejs-4.3.1/lib/node_modules/gulp-cli
48 silly gunzTarPerm modes [ '775', '664' ]
49 error tar.unpack untar error /home/ubuntu/.npm/gulp-cli/2.0.1/package.tgz
50 verbose unlock done using /home/ubuntu/.npm/_locks/gulp-cli-44e793f65d0bf829.lock for /nix/store/ajr6i77s89gjfjm59aazc16b5rvb39n7-nodejs-4.3.1/lib/node_modules/gulp-cli
51 verbose fstream_path /nix/store/ajr6i77s89gjfjm59aazc16b5rvb39n7-nodejs-4.3.1/lib/node_modules/gulp-cli
52 verbose fstream_type Directory
53 verbose fstream_class DirWriter
54 verbose stack Error: EROFS: read-only file system, mkdir '/nix/store/ajr6i77s89gjfjm59aazc16b5rvb39n7-nodejs-4.3.1/lib/node_modules/gulp-cli'
54 verbose stack     at Error (native)
55 verbose fstream_stack /nix/store/ajr6i77s89gjfjm59aazc16b5rvb39n7-nodejs-4.3.1/lib/node_modules/npm/node_modules/fstream/lib/dir-writer.js:35:25
55 verbose fstream_stack /nix/store/ajr6i77s89gjfjm59aazc16b5rvb39n7-nodejs-4.3.1/lib/node_modules/npm/node_modules/mkdirp/index.js:47:53
55 verbose fstream_stack FSReqWrap.oncomplete (fs.js:82:15)
56 verbose cwd /home/ubuntu/workspace/Galappear
57 error Linux 4.9.80-c9
58 error argv "/nix/store/ajr6i77s89gjfjm59aazc16b5rvb39n7-nodejs-4.3.1/bin/node" "/mnt/shared/sbin/npm" "-g" "install" "gulp-cli"
59 error node v4.3.1
60 error npm  v2.14.12
61 error path /nix/store/ajr6i77s89gjfjm59aazc16b5rvb39n7-nodejs-4.3.1/lib/node_modules/gulp-cli
62 error code EROFS
63 error errno -30
64 error syscall mkdir
65 error rofs EROFS: read-only file system, mkdir '/nix/store/ajr6i77s89gjfjm59aazc16b5rvb39n7-nodejs-4.3.1/lib/node_modules/gulp-cli'
65 error rofs This is most likely not a problem with npm itself
65 error rofs and is related to the file system being read-only.
65 error rofs
65 error rofs Often virtualized file systems, or other file systems
65 error rofs that don't support symlinks, give this error.
66 verbose exit [ -30, true ]
67 verbose unbuild lib/node_modules/gulp-cli
68 silly gentlyRm /nix/store/ajr6i77s89gjfjm59aazc16b5rvb39n7-nodejs-4.3.1/lib/node_modules/gulp-cli is being purged from base /nix/store/ajr6i77s89gjfjm59aazc16b5rvb39n7-nodejs-4.3.1
69 verbose gentlyRm don't care about contents; nuking /nix/store/ajr6i77s89gjfjm59aazc16b5rvb39n7-nodejs-4.3.1/lib/node_modules/gulp-cli
